23:50:34.012 [main] INFO  resources.BaseTest - password is provided
23:50:34.022 [main] DEBUG resources.BaseTest - Clicking on Login button
23:50:34.779 [main] INFO  resources.BaseTest - Login button is clicked
23:50:34.779 [main] DEBUG resources.BaseTest - Clicking on Forgot Password button
23:50:35.448 [main] INFO  resources.BaseTest - Forgot Password button is clicked
23:50:35.448 [main] DEBUG resources.BaseTest - Sending keys in email field
23:50:35.813 [main] INFO  resources.BaseTest - Email id is provided
23:50:35.813 [main] DEBUG resources.BaseTest - Clicking on Send Me Instruction button
23:50:36.654 [main] INFO  resources.BaseTest - Send Me Instruction button is clicked
23:51:20.100 [TestNG-tests-1] DEBUG resources.BaseTest - Clicking on Login link
23:51:21.136 [TestNG-tests-2] DEBUG resources.BaseTest - Clicking on Login link
23:51:22.331 [TestNG-tests-1] INFO  resources.BaseTest - Login Link is clicked
23:51:22.332 [TestNG-tests-1] DEBUG resources.BaseTest - Sending keys in email field
23:51:22.610 [TestNG-tests-1] INFO  resources.BaseTest - Email id is provided
23:51:22.611 [TestNG-tests-1] DEBUG resources.BaseTest - Sending keys in password field
23:51:22.819 [TestNG-tests-1] INFO  resources.BaseTest - password is provided
23:51:22.820 [TestNG-tests-1] DEBUG resources.BaseTest - Clicking on Login button
23:51:23.281 [TestNG-tests-1] INFO  resources.BaseTest - Login button is clicked
23:51:23.281 [TestNG-tests-1] DEBUG resources.BaseTest - Clicking on Forgot Password button
23:51:23.814 [TestNG-tests-1] INFO  resources.BaseTest - Forgot Password button is clicked
23:51:23.814 [TestNG-tests-1] DEBUG resources.BaseTest - Sending keys in email field
23:51:24.030 [TestNG-tests-1] INFO  resources.BaseTest - Email id is provided
23:51:24.031 [TestNG-tests-1] DEBUG resources.BaseTest - Clicking on Send Me Instruction button
23:51:24.469 [TestNG-tests-1] INFO  resources.BaseTest - Send Me Instruction button is clicked
23:51:37.363 [TestNG-tests-1] DEBUG resources.BaseTest - Clicking on Login link
23:51:38.532 [TestNG-tests-1] INFO  resources.BaseTest - Login Link is clicked
23:51:38.532 [TestNG-tests-1] DEBUG resources.BaseTest - Sending keys in email field
23:51:38.990 [TestNG-tests-1] INFO  resources.BaseTest - Email id is provided
23:51:38.990 [TestNG-tests-1] DEBUG resources.BaseTest - Sending keys in password field
23:51:39.352 [TestNG-tests-1] INFO  resources.BaseTest - password is provided
23:51:39.353 [TestNG-tests-1] DEBUG resources.BaseTest - Clicking on Login button
23:51:40.038 [TestNG-tests-1] INFO  resources.BaseTest - Login button is clicked
23:51:40.038 [TestNG-tests-1] DEBUG resources.BaseTest - Clicking on Forgot Password button
23:51:40.590 [TestNG-tests-1] INFO  resources.BaseTest - Forgot Password button is clicked
23:51:40.590 [TestNG-tests-1] DEBUG resources.BaseTest - Sending keys in email field
23:51:40.953 [TestNG-tests-1] INFO  resources.BaseTest - Email id is provided
23:51:40.953 [TestNG-tests-1] DEBUG resources.BaseTest - Clicking on Send Me Instruction button
23:51:41.395 [TestNG-tests-1] INFO  resources.BaseTest - Send Me Instruction button is clicked
23:54:18.346 [TestNG-tests-1] DEBUG resources.BaseTest - Clicking on Login link
23:54:19.846 [TestNG-tests-1] INFO  resources.BaseTest - Login Link is clicked
23:54:19.846 [TestNG-tests-1] DEBUG resources.BaseTest - Sending keys in email field
23:54:20.641 [TestNG-tests-1] INFO  resources.BaseTest - Email id is provided
23:54:20.642 [TestNG-tests-1] DEBUG resources.BaseTest - Sending keys in password field
23:54:21.100 [TestNG-tests-1] INFO  resources.BaseTest - password is provided
23:54:21.100 [TestNG-tests-1] DEBUG resources.BaseTest - Clicking on Login button
23:54:21.820 [TestNG-tests-1] INFO  resources.BaseTest - Login button is clicked
23:54:21.820 [TestNG-tests-1] DEBUG resources.BaseTest - Clicking on Forgot Password button
23:54:22.765 [TestNG-tests-1] INFO  resources.BaseTest - Forgot Password button is clicked
23:54:22.765 [TestNG-tests-1] DEBUG resources.BaseTest - Sending keys in email field
