16:45:12.290 [main] INFO  resources.BaseTest - Driver is initialised
16:46:37.799 [main] INFO  resources.BaseTest - Driver is initialised
16:46:48.150 [main] INFO  resources.BaseTest - Hitting the url
16:46:48.167 [main] DEBUG resources.BaseTest - Clicking on Login link
16:46:49.272 [main] INFO  resources.BaseTest - Login Link is clicked
16:46:49.272 [main] DEBUG resources.BaseTest - Sending keys in email field
16:46:49.833 [main] INFO  resources.BaseTest - Email id is provided
16:46:49.833 [main] DEBUG resources.BaseTest - Sending keys in password field
16:46:50.317 [main] INFO  resources.BaseTest - password is provided
16:46:50.317 [main] DEBUG resources.BaseTest - Clicking on Login button
16:46:50.936 [main] INFO  resources.BaseTest - Login button is clicked
16:46:50.938 [main] DEBUG resources.BaseTest - Clicking on Forgot Password button
16:46:51.542 [main] INFO  resources.BaseTest - Forgot Password button is clicked
16:46:51.542 [main] DEBUG resources.BaseTest - Sending keys in email field
16:46:52.048 [main] INFO  resources.BaseTest - Email id is provided
16:46:52.048 [main] DEBUG resources.BaseTest - Clicking on Send Me Instruction button
16:46:52.529 [main] INFO  resources.BaseTest - Send Me Instruction button is clicked
16:47:02.975 [main] INFO  resources.BaseTest - Driver is initialised
16:47:08.962 [main] INFO  resources.BaseTest - Hitting the url
16:47:08.964 [main] DEBUG resources.BaseTest - Clicking on Login link
16:47:10.962 [main] INFO  resources.BaseTest - Login Link is clicked
16:47:10.962 [main] DEBUG resources.BaseTest - Sending keys in email field
16:47:11.883 [main] INFO  resources.BaseTest - Email id is provided
16:47:11.884 [main] DEBUG resources.BaseTest - Sending keys in password field
16:47:12.554 [main] INFO  resources.BaseTest - password is provided
16:47:12.554 [main] DEBUG resources.BaseTest - Clicking on Login button
16:47:13.551 [main] INFO  resources.BaseTest - Login button is clicked
16:47:13.551 [main] DEBUG resources.BaseTest - Clicking on Forgot Password button
16:47:14.268 [main] INFO  resources.BaseTest - Forgot Password button is clicked
16:47:14.268 [main] DEBUG resources.BaseTest - Sending keys in email field
16:47:14.893 [main] INFO  resources.BaseTest - Email id is provided
16:47:14.893 [main] DEBUG resources.BaseTest - Clicking on Send Me Instruction button
16:47:15.401 [main] INFO  resources.BaseTest - Send Me Instruction button is clicked
